<?xml version="1.0" encoding="UTF-8"?>
<testng-results total="2" passed="2" failed="0" skipped="0">
  <reporter-output>
    <line>
      <![CDATA[Test]]>
    </line>
    <line>
      <![CDATA[Test1]]>
    </line>
  </reporter-output>
  <suite started-at="2019-03-13T11:03:37Z" name="Suite" finished-at="2019-03-13T11:03:37Z" duration-ms="79">
    <groups>
    </groups>
    <test started-at="2019-03-13T11:03:37Z" name="Test" finished-at="2019-03-13T11:03:37Z" duration-ms="79">
      <class name="com.testng.NewTest">
        <test-method signature="f1()[pri:0, instance:com.testng.NewTest@5fbe4146]" started-at="2019-03-13T16:33:37Z" name="f1" finished-at="2019-03-13T16:33:37Z" duration-ms="38" status="PASS">
          <reporter-output>
            <line>
              <![CDATA[Test]]>
            </line>
          </reporter-output>
        </test-method> <!-- f1 -->
        <test-method signature="f()[pri:0, instance:com.testng.NewTest@5fbe4146]" started-at="2019-03-13T16:33:37Z" name="f" finished-at="2019-03-13T16:33:37Z" depends-on-methods="com.testng.NewTest.f1" duration-ms="2" status="PASS">
          <reporter-output>
            <line>
              <![CDATA[Test1]]>
            </line>
          </reporter-output>
        </test-method> <!-- f -->
      </class> <!-- com.testng.NewTest -->
    </test> <!-- Test -->
  </suite> <!-- Suite -->
</testng-results>
